<?xml version="1.0" encoding="UTF-8"?>
<!-- Generated by org.testng.reporters.JUnitReportReporter -->
<testsuite skipped="0" hostname="BDC4-L-8Y4DZM2" name="tests.NewTest2" tests="3" failures="0" timestamp="2020-02-27T12:56:55 IST" time="0.028" errors="0">
  <testcase name="test2" time="0.004" classname="tests.NewTest2"/>
  <system-out/>
  <testcase name="test1" time="0.020" classname="tests.NewTest2"/>
  <system-out/>
  <testcase name="test0" time="0.004" classname="tests.NewTest2"/>
  <system-out/>
</testsuite> <!-- tests.NewTest2 -->
