<?xml version="1.0" encoding="UTF-8"?>
<!-- Generated by org.testng.reporters.JUnitReportReporter -->
<testsuite skipped="4" hostname="BDC4-L-8Y4DZM2" name="tests.NewTest" tests="13" failures="0" timestamp="2020-02-28T12:56:17 IST" time="56.651" errors="0">
  <testcase name="testLoginDemoWebShop" time="5.622" classname="tests.NewTest"/>
  <system-out/>
  <testcase name="testLoginDemoWebShop" time="7.982" classname="tests.NewTest"/>
  <system-out/>
  <testcase name="testLoginDemoWebShop" time="5.572" classname="tests.NewTest"/>
  <system-out/>
  <testcase name="testLoginDemoWebShop" time="5.405" classname="tests.NewTest"/>
  <system-out/>
  <testcase name="testLoginDemoWebShop" time="5.805" classname="tests.NewTest"/>
  <system-out/>
  <testcase name="testLoginDemoWebShop" time="5.637" classname="tests.NewTest"/>
  <system-out/>
  <testcase name="testLoginDemoWebShop" time="6.811" classname="tests.NewTest"/>
  <system-out/>
  <testcase name="testLoginDemoWebShop" time="7.861" classname="tests.NewTest"/>
  <system-out/>
  <testcase name="testLoginDemoWebShop" time="5.956" classname="tests.NewTest"/>
  <system-out/>
  <testcase name="testDDT" classname="tests.NewTest">
    <skipped/>
  </testcase> <!-- testDDT -->
  <system-out/>
  <testcase name="testDDT" classname="tests.NewTest">
    <skipped/>
  </testcase> <!-- testDDT -->
  <system-out/>
  <testcase name="testDDT" classname="tests.NewTest">
    <skipped/>
  </testcase> <!-- testDDT -->
  <system-out/>
  <testcase name="testDDT" classname="tests.NewTest">
    <skipped/>
  </testcase> <!-- testDDT -->
  <system-out/>
</testsuite> <!-- tests.NewTest -->
