<?xml version="1.0" encoding="UTF-8"?>
<!-- Generated by org.testng.reporters.JUnitReportReporter -->
<testsuite skipped="0" hostname="BDC4-L-8Y4DZM2" name="tests.TestDemoWebShopLogin" tests="2" failures="0" timestamp="2020-02-28T11:04:29 IST" time="2.824" errors="0">
  <testcase name="testLoginButton" time="2.193" classname="tests.TestDemoWebShopLogin"/>
  <system-out/>
  <testcase name="testLoginLink" time="0.631" classname="tests.TestDemoWebShopLogin"/>
  <system-out/>
</testsuite> <!-- tests.TestDemoWebShopLogin -->
